#
# A fatal error has been detected by the Java Runtime Environment:
#
#  Internal Error (./open/src/hotspot/share/runtime/signature.cpp:337), pid=19240, tid=28496
#  Error: ShouldNotReachHere()
#
# JRE version: Java(TM) SE Runtime Environment 18.9 (11.0.17+10) (build 11.0.17+10-LTS-269)
# Java VM: Java HotSpot(TM) 64-Bit Server VM 18.9 (11.0.17+10-LTS-269, mixed mode, tiered, compressed oops, g1 gc, windows-amd64)
# No core dump will be written. Minidumps are not enabled by default on client versions of Windows
#
# If you would like to submit a bug report, please visit:
#   https://bugreport.java.com/bugreport/crash.jsp
#

---------------  S U M M A R Y ------------

Command Line: -Xmx64m -Xms64m -Dorg.gradle.appname=gradlew org.gradle.wrapper.GradleWrapperMain clean

Host: AMD Ryzen 5 3600XT 6-Core Processor            , 12 cores, 31G,  Windows 11 , 64 bit Build 22621 (10.0.22621.1105)
Time: Tue Jan 24 17:00:46 2023  Windows 11 , 64 bit Build 22621 (10.0.22621.1105) elapsed time: 0.750079 seconds (0d 0h 0m 0s)

---------------  T H R E A D  ---------------

Current thread (0x000001e9e8e59800):  JavaThread "C1 CompilerThread0" daemon [_thread_in_vm, id=28496, stack(0x000000dd87400000,0x000000dd87500000)]


Current CompileTask:
C1:    750 1152       3       jdk.internal.jimage.ImageLocation::decompress (153 bytes)

Stack: [0x000000dd87400000,0x000000dd87500000]
Native frames: (J=compiled Java code, j=interpreted, Vv=VM code, C=native code)
V  [jvm.dll+0x62b5da]
V  [jvm.dll+0x7653df]
V  [jvm.dll+0x766a89]
V  [jvm.dll+0x7670c7]
V  [jvm.dll+0x23dcac]
V  [jvm.dll+0x23dc13]
V  [jvm.dll+0x6ace51]
V  [jvm.dll+0x6ac1bd]
V  [jvm.dll+0x1a86b7]
V  [jvm.dll+0x19c673]
V  [jvm.dll+0x1a7576]
V  [jvm.dll+0x194c50]
V  [jvm.dll+0x1947d2]
V  [jvm.dll+0x1aa2f0]
V  [jvm.dll+0x121d0a]
V  [jvm.dll+0x124919]
V  [jvm.dll+0x122de4]
V  [jvm.dll+0x11cb1c]
V  [jvm.dll+0x12ca3a]
V  [jvm.dll+0x117e69]
V  [jvm.dll+0x1181d0]
V  [jvm.dll+0x11848f]
V  [jvm.dll+0x117734]
V  [jvm.dll+0x119607]
V  [jvm.dll+0x207296]
V  [jvm.dll+0x20542b]
V  [jvm.dll+0x72b2c0]
V  [jvm.dll+0x723e64]
V  [jvm.dll+0x62a485]
C  [ucrtbase.dll+0x29363]
C  [KERNEL32.DLL+0x126bd]
C  [ntdll.dll+0x5dfb8]


---------------  P R O C E S S  ---------------

Threads class SMR info:
_java_thread_list=0x000001e9eaaeaea0, length=12, elements={
0x000001e9cf3b3000, 0x000001e9e8de1800, 0x000001e9e8deb000, 0x000001e9e8e54000,
0x000001e9e8e56000, 0x000001e9e8e57800, 0x000001e9e8e58800, 0x000001e9e8e59800,
0x000001e9e9718800, 0x000001e9e9899800, 0x000001e9e9a26800, 0x000001e9e9b0d000
}

Java Threads: ( => current thread )
  0x000001e9cf3b3000 JavaThread "main" [_thread_blocked, id=21584, stack(0x000000dd86700000,0x000000dd86800000)]
  0x000001e9e8de1800 JavaThread "Reference Handler" daemon [_thread_blocked, id=24872, stack(0x000000dd86e00000,0x000000dd86f00000)]
  0x000001e9e8deb000 JavaThread "Finalizer" daemon [_thread_blocked, id=13988, stack(0x000000dd86f00000,0x000000dd87000000)]
  0x000001e9e8e54000 JavaThread "Signal Dispatcher" daemon [_thread_blocked, id=28452, stack(0x000000dd87000000,0x000000dd87100000)]
  0x000001e9e8e56000 JavaThread "Attach Listener" daemon [_thread_blocked, id=22844, stack(0x000000dd87100000,0x000000dd87200000)]
  0x000001e9e8e57800 JavaThread "Service Thread" daemon [_thread_blocked, id=27796, stack(0x000000dd87200000,0x000000dd87300000)]
  0x000001e9e8e58800 JavaThread "C2 CompilerThread0" daemon [_thread_blocked, id=6372, stack(0x000000dd87300000,0x000000dd87400000)]
=>0x000001e9e8e59800 JavaThread "C1 CompilerThread0" daemon [_thread_in_vm, id=28496, stack(0x000000dd87400000,0x000000dd87500000)]
  0x000001e9e9718800 JavaThread "Sweeper thread" daemon [_thread_blocked, id=12896, stack(0x000000dd87500000,0x000000dd87600000)]
  0x000001e9e9899800 JavaThread "Common-Cleaner" daemon [_thread_blocked, id=26300, stack(0x000000dd87700000,0x000000dd87800000)]
  0x000001e9e9a26800 JavaThread "C2 CompilerThread1" daemon [_thread_blocked, id=12428, stack(0x000000dd87800000,0x000000dd87900000)]
  0x000001e9e9b0d000 JavaThread "pool-1-thread-1" [_thread_blocked, id=12672, stack(0x000000dd87b00000,0x000000dd87c00000)]

Other Threads:
  0x000001e9e8dbf800 VMThread "VM Thread" [stack: 0x000000dd86d00000,0x000000dd86e00000] [id=14088]
  0x000001e9e9898800 WatcherThread [stack: 0x000000dd87600000,0x000000dd87700000] [id=25380]
  0x000001e9cf3c8000 GCTaskThread "GC Thread#0" [stack: 0x000000dd86800000,0x000000dd86900000] [id=11284]
  0x000001e9e9d34000 GCTaskThread "GC Thread#1" [stack: 0x000000dd87900000,0x000000dd87a00000] [id=17404]
  0x000001e9cf3d0000 ConcurrentGCThread "G1 Main Marker" [stack: 0x000000dd86900000,0x000000dd86a00000] [id=16028]
  0x000001e9cf3d2000 ConcurrentGCThread "G1 Conc#0" [stack: 0x000000dd86a00000,0x000000dd86b00000] [id=27196]
  0x000001e9cf442000 ConcurrentGCThread "G1 Refine#0" [stack: 0x000000dd86b00000,0x000000dd86c00000] [id=12980]
  0x000001e9cf445000 ConcurrentGCThread "G1 Young RemSet Sampling" [stack: 0x000000dd86c00000,0x000000dd86d00000] [id=15516]

Threads with active compile tasks:
C1 CompilerThread0      777 1152       3       jdk.internal.jimage.ImageLocation::decompress (153 bytes)

VM state:synchronizing (normal execution)

VM Mutex/Monitor currently owned by a thread:  ([mutex/lock_event])
[0x000001e9cf3aeec0] Threads_lock - owner thread: 0x000001e9e8dbf800

Heap address: 0x00000000fc000000, size: 64 MB, Compressed Oops mode: 32-bit
Narrow klass base: 0x0000000000000000, Narrow klass shift: 3
Compressed class space size: 1073741824 Address: 0x0000000100000000

Heap:
 garbage-first heap   total 65536K, used 28672K [0x00000000fc000000, 0x0000000100000000)
  region size 1024K, 23 young (23552K), 3 survivors (3072K)
 Metaspace       used 15264K, capacity 15649K, committed 15744K, reserved 1062912K
  class space    used 1778K, capacity 1903K, committed 1920K, reserved 1048576K
Heap Regions: E=young(eden), S=young(survivor), O=old, HS=humongous(starts), HC=humongous(continues), CS=collection set, F=free, A=archive, TAMS=top-at-mark-start (previous, next)
|   0|0x00000000fc000000, 0x00000000fc000000, 0x00000000fc100000|  0%| F|  |TAMS 0x00000000fc000000, 0x00000000fc000000| Untracked 
|   1|0x00000000fc100000, 0x00000000fc100000, 0x00000000fc200000|  0%| F|  |TAMS 0x00000000fc100000, 0x00000000fc100000| Untracked 
|   2|0x00000000fc200000, 0x00000000fc200000, 0x00000000fc300000|  0%| F|  |TAMS 0x00000000fc200000, 0x00000000fc200000| Untracked 
|   3|0x00000000fc300000, 0x00000000fc400000, 0x00000000fc400000|100%|HS|  |TAMS 0x00000000fc300000, 0x00000000fc300000| Complete 
|   4|0x00000000fc400000, 0x00000000fc500000, 0x00000000fc500000|100%|HC|  |TAMS 0x00000000fc400000, 0x00000000fc400000| Complete 
|   5|0x00000000fc500000, 0x00000000fc600000, 0x00000000fc600000|100%|HC|  |TAMS 0x00000000fc500000, 0x00000000fc500000| Complete 
|   6|0x00000000fc600000, 0x00000000fc700000, 0x00000000fc700000|100%| O|  |TAMS 0x00000000fc600000, 0x00000000fc600000| Untracked 
|   7|0x00000000fc700000, 0x00000000fc800000, 0x00000000fc800000|100%| O|  |TAMS 0x00000000fc700000, 0x00000000fc700000| Untracked 
|   8|0x00000000fc800000, 0x00000000fc900000, 0x00000000fc900000|100%| O|  |TAMS 0x00000000fc800000, 0x00000000fc800000| Untracked 
|   9|0x00000000fc900000, 0x00000000fc900000, 0x00000000fca00000|  0%| F|  |TAMS 0x00000000fc900000, 0x00000000fc900000| Untracked 
|  10|0x00000000fca00000, 0x00000000fca00000, 0x00000000fcb00000|  0%| F|  |TAMS 0x00000000fca00000, 0x00000000fca00000| Untracked 
|  11|0x00000000fcb00000, 0x00000000fcb00000, 0x00000000fcc00000|  0%| F|  |TAMS 0x00000000fcb00000, 0x00000000fcb00000| Untracked 
|  12|0x00000000fcc00000, 0x00000000fcc00000, 0x00000000fcd00000|  0%| F|  |TAMS 0x00000000fcc00000, 0x00000000fcc00000| Untracked 
|  13|0x00000000fcd00000, 0x00000000fcd00000, 0x00000000fce00000|  0%| F|  |TAMS 0x00000000fcd00000, 0x00000000fcd00000| Untracked 
|  14|0x00000000fce00000, 0x00000000fce00000, 0x00000000fcf00000|  0%| F|  |TAMS 0x00000000fce00000, 0x00000000fce00000| Untracked 
|  15|0x00000000fcf00000, 0x00000000fcf00000, 0x00000000fd000000|  0%| F|  |TAMS 0x00000000fcf00000, 0x00000000fcf00000| Untracked 
|  16|0x00000000fd000000, 0x00000000fd000000, 0x00000000fd100000|  0%| F|  |TAMS 0x00000000fd000000, 0x00000000fd000000| Untracked 
|  17|0x00000000fd100000, 0x00000000fd100000, 0x00000000fd200000|  0%| F|  |TAMS 0x00000000fd100000, 0x00000000fd100000| Untracked 
|  18|0x00000000fd200000, 0x00000000fd200000, 0x00000000fd300000|  0%| F|  |TAMS 0x00000000fd200000, 0x00000000fd200000| Untracked 
|  19|0x00000000fd300000, 0x00000000fd300000, 0x00000000fd400000|  0%| F|  |TAMS 0x00000000fd300000, 0x00000000fd300000| Untracked 
|  20|0x00000000fd400000, 0x00000000fd400000, 0x00000000fd500000|  0%| F|  |TAMS 0x00000000fd400000, 0x00000000fd400000| Untracked 
|  21|0x00000000fd500000, 0x00000000fd500000, 0x00000000fd600000|  0%| F|  |TAMS 0x00000000fd500000, 0x00000000fd500000| Untracked 
|  22|0x00000000fd600000, 0x00000000fd600000, 0x00000000fd700000|  0%| F|  |TAMS 0x00000000fd600000, 0x00000000fd600000| Untracked 
|  23|0x00000000fd700000, 0x00000000fd700000, 0x00000000fd800000|  0%| F|  |TAMS 0x00000000fd700000, 0x00000000fd700000| Untracked 
|  24|0x00000000fd800000, 0x00000000fd800000, 0x00000000fd900000|  0%| F|  |TAMS 0x00000000fd800000, 0x00000000fd800000| Untracked 
|  25|0x00000000fd900000, 0x00000000fd900000, 0x00000000fda00000|  0%| F|  |TAMS 0x00000000fd900000, 0x00000000fd900000| Untracked 
|  26|0x00000000fda00000, 0x00000000fda00000, 0x00000000fdb00000|  0%| F|  |TAMS 0x00000000fda00000, 0x00000000fda00000| Untracked 
|  27|0x00000000fdb00000, 0x00000000fdb00000, 0x00000000fdc00000|  0%| F|  |TAMS 0x00000000fdb00000, 0x00000000fdb00000| Untracked 
|  28|0x00000000fdc00000, 0x00000000fdc00000, 0x00000000fdd00000|  0%| F|  |TAMS 0x00000000fdc00000, 0x00000000fdc00000| Untracked 
|  29|0x00000000fdd00000, 0x00000000fdd00000, 0x00000000fde00000|  0%| F|  |TAMS 0x00000000fdd00000, 0x00000000fdd00000| Untracked 
|  30|0x00000000fde00000, 0x00000000fde00000, 0x00000000fdf00000|  0%| F|  |TAMS 0x00000000fde00000, 0x00000000fde00000| Untracked 
|  31|0x00000000fdf00000, 0x00000000fdf00000, 0x00000000fe000000|  0%| F|  |TAMS 0x00000000fdf00000, 0x00000000fdf00000| Untracked 
|  32|0x00000000fe000000, 0x00000000fe000000, 0x00000000fe100000|  0%| F|  |TAMS 0x00000000fe000000, 0x00000000fe000000| Untracked 
|  33|0x00000000fe100000, 0x00000000fe100000, 0x00000000fe200000|  0%| F|  |TAMS 0x00000000fe100000, 0x00000000fe100000| Untracked 
|  34|0x00000000fe200000, 0x00000000fe200000, 0x00000000fe300000|  0%| F|  |TAMS 0x00000000fe200000, 0x00000000fe200000| Untracked 
|  35|0x00000000fe300000, 0x00000000fe300000, 0x00000000fe400000|  0%| F|  |TAMS 0x00000000fe300000, 0x00000000fe300000| Untracked 
|  36|0x00000000fe400000, 0x00000000fe400000, 0x00000000fe500000|  0%| F|  |TAMS 0x00000000fe400000, 0x00000000fe400000| Untracked 
|  37|0x00000000fe500000, 0x00000000fe600000, 0x00000000fe600000|100%| S|CS|TAMS 0x00000000fe500000, 0x00000000fe500000| Complete 
|  38|0x00000000fe600000, 0x00000000fe700000, 0x00000000fe700000|100%| S|CS|TAMS 0x00000000fe600000, 0x00000000fe600000| Complete 
|  39|0x00000000fe700000, 0x00000000fe800000, 0x00000000fe800000|100%| S|CS|TAMS 0x00000000fe700000, 0x00000000fe700000| Complete 
|  40|0x00000000fe800000, 0x00000000fe800000, 0x00000000fe900000|  0%| F|  |TAMS 0x00000000fe800000, 0x00000000fe800000| Untracked 
|  41|0x00000000fe900000, 0x00000000fe900000, 0x00000000fea00000|  0%| F|  |TAMS 0x00000000fe900000, 0x00000000fe900000| Untracked 
|  42|0x00000000fea00000, 0x00000000fea00000, 0x00000000feb00000|  0%| F|  |TAMS 0x00000000fea00000, 0x00000000fea00000| Untracked 
|  43|0x00000000feb00000, 0x00000000feb00000, 0x00000000fec00000|  0%| F|  |TAMS 0x00000000feb00000, 0x00000000feb00000| Untracked 
|  44|0x00000000fec00000, 0x00000000fec80800, 0x00000000fed00000| 50%| E|  |TAMS 0x00000000fec00000, 0x00000000fec00000| Complete 
|  45|0x00000000fed00000, 0x00000000fee00000, 0x00000000fee00000|100%| E|CS|TAMS 0x00000000fed00000, 0x00000000fed00000| Complete 
|  46|0x00000000fee00000, 0x00000000fef00000, 0x00000000fef00000|100%| E|CS|TAMS 0x00000000fee00000, 0x00000000fee00000| Complete 
|  47|0x00000000fef00000, 0x00000000ff000000, 0x00000000ff000000|100%| E|CS|TAMS 0x00000000fef00000, 0x00000000fef00000| Complete 
|  48|0x00000000ff000000, 0x00000000ff100000, 0x00000000ff100000|100%| E|CS|TAMS 0x00000000ff000000, 0x00000000ff000000| Complete 
|  49|0x00000000ff100000, 0x00000000ff200000, 0x00000000ff200000|100%| E|CS|TAMS 0x00000000ff100000, 0x00000000ff100000| Complete 
|  50|0x00000000ff200000, 0x00000000ff300000, 0x00000000ff300000|100%| E|CS|TAMS 0x00000000ff200000, 0x00000000ff200000| Complete 
|  51|0x00000000ff300000, 0x00000000ff400000, 0x00000000ff400000|100%| E|CS|TAMS 0x00000000ff300000, 0x00000000ff300000| Complete 
|  52|0x00000000ff400000, 0x00000000ff500000, 0x00000000ff500000|100%| E|CS|TAMS 0x00000000ff400000, 0x00000000ff400000| Complete 
|  53|0x00000000ff500000, 0x00000000ff600000, 0x00000000ff600000|100%| E|CS|TAMS 0x00000000ff500000, 0x00000000ff500000| Complete 
|  54|0x00000000ff600000, 0x00000000ff700000, 0x00000000ff700000|100%| E|CS|TAMS 0x00000000ff600000, 0x00000000ff600000| Complete 
|  55|0x00000000ff700000, 0x00000000ff800000, 0x00000000ff800000|100%| E|CS|TAMS 0x00000000ff700000, 0x00000000ff700000| Complete 
|  56|0x00000000ff800000, 0x00000000ff900000, 0x00000000ff900000|100%| E|CS|TAMS 0x00000000ff800000, 0x00000000ff800000| Complete 
|  57|0x00000000ff900000, 0x00000000ffa00000, 0x00000000ffa00000|100%| E|CS|TAMS 0x00000000ff900000, 0x00000000ff900000| Complete 
|  58|0x00000000ffa00000, 0x00000000ffb00000, 0x00000000ffb00000|100%| E|CS|TAMS 0x00000000ffa00000, 0x00000000ffa00000| Complete 
|  59|0x00000000ffb00000, 0x00000000ffc00000, 0x00000000ffc00000|100%| E|CS|TAMS 0x00000000ffb00000, 0x00000000ffb00000| Complete 
|  60|0x00000000ffc00000, 0x00000000ffd00000, 0x00000000ffd00000|100%| E|CS|TAMS 0x00000000ffc00000, 0x00000000ffc00000| Complete 
|  61|0x00000000ffd00000, 0x00000000ffe00000, 0x00000000ffe00000|100%| E|CS|TAMS 0x00000000ffd00000, 0x00000000ffd00000| Complete 
|  62|0x00000000ffe00000, 0x00000000fff00000, 0x00000000fff00000|100%| E|CS|TAMS 0x00000000ffe00000, 0x00000000ffe00000| Complete 
|  63|0x00000000fff00000, 0x0000000100000000, 0x0000000100000000|100%| E|CS|TAMS 0x00000000fff00000, 0x00000000fff00000| Complete 

Card table byte_map: [0x000001e9cf310000,0x000001e9cf330000] _byte_map_base: 0x000001e9ceb30000

Marking Bits (Prev, Next): (CMBitMap*) 0x000001e9cf3cebe8, (CMBitMap*) 0x000001e9cf3cec20
 Prev Bits: [0x000001e9e5fd0000, 0x000001e9e60d0000)
 Next Bits: [0x000001e9e60d0000, 0x000001e9e61d0000)

Polling page: 0x000001e9ceb90000

Metaspace:

Usage:
  Non-class:     13.42 MB capacity,    13.17 MB ( 98%) used,   238.23 KB (  2%) free+waste,    21.00 KB ( <1%) overhead. 
      Class:      1.86 MB capacity,     1.74 MB ( 93%) used,   114.34 KB (  6%) free+waste,    10.63 KB ( <1%) overhead. 
       Both:     15.28 MB capacity,    14.91 MB ( 98%) used,   352.57 KB (  2%) free+waste,    31.63 KB ( <1%) overhead. 

Virtual space:
  Non-class space:       14.00 MB reserved,      13.50 MB ( 96%) committed 
      Class space:        1.00 GB reserved,       1.88 MB ( <1%) committed 
             Both:        1.01 GB reserved,      15.38 MB (  1%) committed 

Chunk freelists:
   Non-Class:  1.75 KB
       Class:  2.13 KB
        Both:  3.88 KB

CodeHeap 'non-profiled nmethods': size=120000Kb used=457Kb max_used=457Kb free=119542Kb
 bounds [0x000001e9de550000, 0x000001e9de7c0000, 0x000001e9e5a80000]
CodeHeap 'profiled nmethods': size=120000Kb used=2182Kb max_used=2182Kb free=117817Kb
 bounds [0x000001e9d7020000, 0x000001e9d7290000, 0x000001e9de550000]
CodeHeap 'non-nmethods': size=5760Kb used=1104Kb max_used=1114Kb free=4655Kb
 bounds [0x000001e9d6a80000, 0x000001e9d6cf0000, 0x000001e9d7020000]
 total_blobs=1583 nmethods=1156 adapters=339
 compilation: enabled
              stopped_count=0, restarted_count=0
 full_count=0

Compilation events (10 events):
Event: 0.742 Thread 0x000001e9e8e59800 nmethod 1147 0x000001e9d723f710 code [0x000001e9d723f980, 0x000001e9d72404d8]
Event: 0.745 Thread 0x000001e9e8e59800 1148       3       java.lang.AbstractStringBuilder::append (45 bytes)
Event: 0.745 Thread 0x000001e9e8e59800 nmethod 1148 0x000001e9d7240990 code [0x000001e9d7240ba0, 0x000001e9d72410b8]
Event: 0.745 Thread 0x000001e9e9a26800 1149       4       java.lang.AbstractStringBuilder::putStringAt (29 bytes)
Event: 0.746 Thread 0x000001e9e8e59800 1150   !   3       java.nio.DirectIntBufferU::get (29 bytes)
Event: 0.746 Thread 0x000001e9e8e58800 1153       4       jdk.internal.jimage.ImageStringsReader::unmaskedHashCode (173 bytes)
Event: 0.746 Thread 0x000001e9e8e59800 nmethod 1150 0x000001e9d7241310 code [0x000001e9d72414c0, 0x000001e9d72417b8]
Event: 0.746 Thread 0x000001e9e8e59800 1152       3       jdk.internal.jimage.ImageLocation::decompress (153 bytes)
Event: 0.746 Thread 0x000001e9e9a26800 nmethod 1149 0x000001e9de5c0e10 code [0x000001e9de5c0fa0, 0x000001e9de5c10f8]
Event: 0.747 Thread 0x000001e9e8e58800 nmethod 1153 0x000001e9de5c1290 code [0x000001e9de5c1420, 0x000001e9de5c15a8]

GC Heap History (2 events):
Event: 0.429 GC heap before
{Heap before GC invocations=0 (full 0):
 garbage-first heap   total 65536K, used 29696K [0x00000000fc000000, 0x0000000100000000)
  region size 1024K, 24 young (24576K), 0 survivors (0K)
 Metaspace       used 9906K, capacity 10124K, committed 10368K, reserved 1058816K
  class space    used 1017K, capacity 1097K, committed 1152K, reserved 1048576K
}
Event: 0.433 GC heap after
{Heap after GC invocations=1 (full 0):
 garbage-first heap   total 65536K, used 9216K [0x00000000fc000000, 0x0000000100000000)
  region size 1024K, 3 young (3072K), 3 survivors (3072K)
 Metaspace       used 9906K, capacity 10124K, committed 10368K, reserved 1058816K
  class space    used 1017K, capacity 1097K, committed 1152K, reserved 1048576K
}

Deoptimization events (10 events):
Event: 0.417 Thread 0x000001e9cf3b3000 Uncommon trap: reason=class_check action=maybe_recompile pc=0x000001e9de56db58 method=java.util.regex.Matcher.match(II)Z @ 121 c2
Event: 0.417 Thread 0x000001e9cf3b3000 Uncommon trap: reason=class_check action=maybe_recompile pc=0x000001e9de56db58 method=java.util.regex.Matcher.match(II)Z @ 121 c2
Event: 0.419 Thread 0x000001e9cf3b3000 Uncommon trap: reason=unstable_if action=reinterpret pc=0x000001e9de55b9d4 method=java.util.regex.Pattern.has(I)Z @ 6 c2
Event: 0.420 Thread 0x000001e9cf3b3000 Uncommon trap: reason=unstable_if action=reinterpret pc=0x000001e9de58e130 method=java.util.HashMap.hash(Ljava/lang/Object;)I @ 1 c2
Event: 0.441 Thread 0x000001e9cf3b3000 Uncommon trap: reason=unstable_if action=reinterpret pc=0x000001e9de557c7c method=java.lang.String.charAt(I)C @ 4 c2
Event: 0.473 Thread 0x000001e9cf3b3000 Uncommon trap: reason=unstable_if action=reinterpret pc=0x000001e9de56f330 method=java.io.WinNTFileSystem.resolve(Ljava/lang/String;Ljava/lang/String;)Ljava/lang/String; @ 70 c2
Event: 0.573 Thread 0x000001e9cf3b3000 Uncommon trap: reason=unstable_if action=reinterpret pc=0x000001e9de5ad540 method=java.util.HashMap.getNode(ILjava/lang/Object;)Ljava/util/HashMap$Node; @ 129 c2
Event: 0.649 Thread 0x000001e9cf3b3000 Uncommon trap: reason=unstable_if action=reinterpret pc=0x000001e9de59f3c4 method=java.io.WinNTFileSystem.normalize(Ljava/lang/String;)Ljava/lang/String; @ 128 c2
Event: 0.744 Thread 0x000001e9cf3b3000 Uncommon trap: reason=unstable_if action=reinterpret pc=0x000001e9de584688 method=java.lang.AbstractStringBuilder.append(Ljava/lang/String;)Ljava/lang/AbstractStringBuilder; @ 1 c2
Event: 0.744 Thread 0x000001e9cf3b3000 Uncommon trap: reason=unstable_if action=reinterpret pc=0x000001e9de58eadc method=java.lang.AbstractStringBuilder.append(Ljava/lang/String;)Ljava/lang/AbstractStringBuilder; @ 1 c2

Classes redefined (0 events):
No events

Internal exceptions (10 events):
Event: 0.443 Thread 0x000001e9cf3b3000 Exception <a 'java/lang/NoClassDefFoundError'{0x00000000fff488c0}: org/slf4j/impl/StaticMarkerBinder> (0x00000000fff488c0) thrown at [./open/src/hotspot/share/classfile/systemDictionary.cpp, line 215]
Event: 0.450 Thread 0x000001e9cf3b3000 Exception <a 'java/lang/NoSuchMethodError'{0x00000000ffe468f8}: java.lang.invoke.DirectMethodHandle$Holder.invokeVirtual(Ljava/lang/Object;Ljava/lang/Object;Ljava/lang/Object;Ljava/lang/Object;Ljava/lang/Object;Ljava/lang/Object;Ljava/lang/Object;)Ljava/l
Event: 0.452 Thread 0x000001e9cf3b3000 Exception <a 'java/lang/NoSuchMethodError'{0x00000000ffe5a4d8}: java.lang.invoke.Invokers$Holder.invoker(Ljava/lang/Object;Ljava/lang/Object;Ljava/lang/Object;)Ljava/lang/Object;> (0x00000000ffe5a4d8) thrown at [./open/src/hotspot/share/interpreter/linkRe
Event: 0.453 Thread 0x000001e9cf3b3000 Exception <a 'java/lang/NoSuchMethodError'{0x00000000ffe6b0e8}: java.lang.invoke.DelegatingMethodHandle$Holder.delegate(Ljava/lang/Object;Ljava/lang/Object;ILjava/lang/Object;)V> (0x00000000ffe6b0e8) thrown at [./open/src/hotspot/share/interpreter/linkRes
Event: 0.514 Thread 0x000001e9cf3b3000 Exception <a 'java/lang/NoSuchMethodError'{0x00000000ff7e1fb8}: java.lang.invoke.DirectMethodHandle$Holder.invokeInterface(Ljava/lang/Object;Ljava/lang/Object;Ljava/lang/Object;)Ljava/lang/Object;> (0x00000000ff7e1fb8) thrown at [./open/src/hotspot/share/
Event: 0.538 Thread 0x000001e9cf3b3000 Exception <a 'java/lang/NoSuchMethodError'{0x00000000ff47a138}: java.lang.invoke.DirectMethodHandle$Holder.invokeStaticInit(Ljava/lang/Object;Ljava/lang/Object;Ljava/lang/Object;)Ljava/lang/Object;> (0x00000000ff47a138) thrown at [./open/src/hotspot/share
Event: 0.583 Thread 0x000001e9cf3b3000 Exception <a 'java/lang/NoSuchMethodError'{0x00000000fef866b0}: java.lang.invoke.DirectMethodHandle$Holder.invokeStaticInit(Ljava/lang/Object;IIII)Ljava/lang/Object;> (0x00000000fef866b0) thrown at [./open/src/hotspot/share/interpreter/linkResolver.cpp, l
Event: 0.655 Thread 0x000001e9cf3b3000 Exception <a 'java/lang/NoSuchMethodError'{0x00000000feff6a58}: java.lang.invoke.DirectMethodHandle$Holder.invokeStaticInit(Ljava/lang/Object;Ljava/lang/Object;IIII)Ljava/lang/Object;> (0x00000000feff6a58) thrown at [./open/src/hotspot/share/interpreter/l
Event: 0.744 Thread 0x000001e9cf3b3000 Implicit null exception at 0x000001e9de5840f4 to 0x000001e9de584670
Event: 0.744 Thread 0x000001e9cf3b3000 Implicit null exception at 0x000001e9de58e574 to 0x000001e9de58eac4

Events (10 events):
Event: 0.747 loading class jdk/net/ExtendedSocketOptions$PlatformSocketOptions
Event: 0.747 loading class jdk/net/ExtendedSocketOptions$PlatformSocketOptions done
Event: 0.747 loading class jdk/net/ExtendedSocketOptions$PlatformSocketOptions$1
Event: 0.747 loading class jdk/net/ExtendedSocketOptions$PlatformSocketOptions$1 done
Event: 0.747 loading class jdk/net/ExtendedSocketOptions$1
Event: 0.747 loading class jdk/net/ExtendedSocketOptions$1 done
Event: 0.747 loading class java/net/StandardProtocolFamily
Event: 0.747 loading class java/net/StandardProtocolFamily done
Event: 0.747 loading class sun/nio/ch/SocketAdaptor
Event: 0.747 loading class java/net/Socket


Dynamic libraries:
0x00007ff7cff90000 - 0x00007ff7cff9f000 	C:\Program Files\Java\jdk-11.0.17\bin\java.exe
0x00007ffc24d10000 - 0x00007ffc24f24000 	C:\Windows\SYSTEM32\ntdll.dll
0x00007ffc239c0000 - 0x00007ffc23a83000 	C:\Windows\System32\KERNEL32.DLL
0x00007ffc226c0000 - 0x00007ffc22a5d000 	C:\Windows\System32\KERNELBASE.dll
0x00007ffc222a0000 - 0x00007ffc223b1000 	C:\Windows\System32\ucrtbase.dll
0x00007ffc04760000 - 0x00007ffc04775000 	C:\Program Files\Java\jdk-11.0.17\bin\VCRUNTIME140.dll
0x00007ffc04a00000 - 0x00007ffc04a18000 	C:\Program Files\Java\jdk-11.0.17\bin\jli.dll
0x00007ffc22bd0000 - 0x00007ffc22c7e000 	C:\Windows\System32\ADVAPI32.dll
0x00007ffc231e0000 - 0x00007ffc23287000 	C:\Windows\System32\msvcrt.dll
0x00007ffc22b00000 - 0x00007ffc22ba4000 	C:\Windows\System32\sechost.dll
0x00007ffc246a0000 - 0x00007ffc247b5000 	C:\Windows\System32\RPCRT4.dll
0x00007ffc23a90000 - 0x00007ffc23c3d000 	C:\Windows\System32\USER32.dll
0x00007ffc22130000 - 0x00007ffc22156000 	C:\Windows\System32\win32u.dll
0x00007ffc23860000 - 0x00007ffc23889000 	C:\Windows\System32\GDI32.dll
0x00007ffc223c0000 - 0x00007ffc224d2000 	C:\Windows\System32\gdi32full.dll
0x00007ffc21330000 - 0x00007ffc215be000 	C:\Windows\WinSxS\amd64_microsoft.windows.common-controls_6595b64144ccf1df_6.0.22621.608_none_a9444ca7c10bb01d\COMCTL32.dll
0x00007ffc22a60000 - 0x00007ffc22afa000 	C:\Windows\System32\msvcp_win.dll
0x00007ffc1a7a0000 - 0x00007ffc1a7aa000 	C:\Windows\SYSTEM32\VERSION.dll
0x00007ffc238a0000 - 0x00007ffc238d2000 	C:\Windows\System32\IMM32.DLL
0x00007ffbe3d20000 - 0x00007ffbe3dbb000 	C:\Program Files\Java\jdk-11.0.17\bin\msvcp140.dll
0x00007ffbd72a0000 - 0x00007ffbd7dba000 	C:\Program Files\Java\jdk-11.0.17\bin\server\jvm.dll
0x00007ffc24a20000 - 0x00007ffc24a28000 	C:\Windows\System32\PSAPI.DLL
0x00007ffc18f30000 - 0x00007ffc18f64000 	C:\Windows\SYSTEM32\WINMM.dll
0x00007ffc1cf30000 - 0x00007ffc1cf39000 	C:\Windows\SYSTEM32\WSOCK32.dll
0x00007ffc23290000 - 0x00007ffc23301000 	C:\Windows\System32\WS2_32.dll
0x00007ffc20b40000 - 0x00007ffc20b58000 	C:\Windows\SYSTEM32\kernel.appcore.dll
0x00007ffc10ac0000 - 0x00007ffc10ad0000 	C:\Program Files\Java\jdk-11.0.17\bin\verify.dll
0x00007ffc21aa0000 - 0x00007ffc21cce000 	C:\Windows\SYSTEM32\DBGHELP.DLL
0x00007ffc234d0000 - 0x00007ffc2385a000 	C:\Windows\System32\combase.dll
0x00007ffc22c80000 - 0x00007ffc22d57000 	C:\Windows\System32\OLEAUT32.dll
0x00007ffc21910000 - 0x00007ffc21942000 	C:\Windows\SYSTEM32\dbgcore.DLL
0x00007ffc22220000 - 0x00007ffc2229b000 	C:\Windows\System32\bcryptPrimitives.dll
0x00007ffbfe5b0000 - 0x00007ffbfe5d8000 	C:\Program Files\Java\jdk-11.0.17\bin\java.dll
0x00007ffc0f3b0000 - 0x00007ffc0f3ba000 	C:\Program Files\Java\jdk-11.0.17\bin\jimage.dll
0x00007ffc00550000 - 0x00007ffc00566000 	C:\Program Files\Java\jdk-11.0.17\bin\zip.dll
0x00007ffc23c60000 - 0x00007ffc2444f000 	C:\Windows\System32\SHELL32.dll
0x00007ffc1f760000 - 0x00007ffc20028000 	C:\Windows\SYSTEM32\windows.storage.dll
0x00007ffc1f600000 - 0x00007ffc1f73e000 	C:\Windows\SYSTEM32\wintypes.dll
0x00007ffc24a30000 - 0x00007ffc24b21000 	C:\Windows\System32\SHCORE.dll
0x00007ffc24830000 - 0x00007ffc2488e000 	C:\Windows\System32\shlwapi.dll
0x00007ffc22060000 - 0x00007ffc22081000 	C:\Windows\SYSTEM32\profapi.dll
0x00007ffc00320000 - 0x00007ffc00339000 	C:\Program Files\Java\jdk-11.0.17\bin\net.dll
0x00007ffc1ba60000 - 0x00007ffc1bb8f000 	C:\Windows\SYSTEM32\WINHTTP.dll
0x00007ffc20f70000 - 0x00007ffc20fd9000 	C:\Windows\system32\mswsock.dll
0x00007ffbfe820000 - 0x00007ffbfe832000 	C:\Program Files\Java\jdk-11.0.17\bin\nio.dll
0x00007ffbfe300000 - 0x00007ffbfe327000 	C:\Users\kjh14\.gradle\native\e1d6ef7f7dcc3fd88c89a11ec53ec762bb8ba0a96d01ffa2cd45eb1d1d8dd5c5\windows-amd64\native-platform.dll
0x00007ffc1ce90000 - 0x00007ffc1ce9a000 	C:\Users\kjh14\.gradle\native\jansi\1.18\windows64\jansi.dll
0x00007ffc0e480000 - 0x00007ffc0e489000 	C:\Program Files\Java\jdk-11.0.17\bin\management.dll
0x00007ffc0bc30000 - 0x00007ffc0bc3b000 	C:\Program Files\Java\jdk-11.0.17\bin\management_ext.dll
0x00007ffc21dc0000 - 0x00007ffc21ddb000 	C:\Windows\SYSTEM32\CRYPTSP.dll
0x00007ffc20ab0000 - 0x00007ffc20ae5000 	C:\Windows\system32\rsaenh.dll
0x00007ffc211e0000 - 0x00007ffc21208000 	C:\Windows\SYSTEM32\USERENV.dll
0x00007ffc219e0000 - 0x00007ffc21a08000 	C:\Windows\SYSTEM32\bcrypt.dll
0x00007ffc21210000 - 0x00007ffc2121c000 	C:\Windows\SYSTEM32\CRYPTBASE.dll
0x00007ffc20490000 - 0x00007ffc204bd000 	C:\Windows\SYSTEM32\IPHLPAPI.DLL
0x00007ffc23890000 - 0x00007ffc23899000 	C:\Windows\System32\NSI.dll
0x00007ffc1b7b0000 - 0x00007ffc1b7c9000 	C:\Windows\SYSTEM32\dhcpcsvc6.DLL
0x00007ffc1b790000 - 0x00007ffc1b7af000 	C:\Windows\SYSTEM32\dhcpcsvc.DLL
0x00007ffc204c0000 - 0x00007ffc205b2000 	C:\Windows\SYSTEM32\DNSAPI.dll

dbghelp: loaded successfully - version: 4.0.5 - missing functions: none
symbol engine: initialized successfully - sym options: 0x614 - pdb path: .;C:\Program Files\Java\jdk-11.0.17\bin;C:\Windows\SYSTEM32;C:\Windows\WinSxS\amd64_microsoft.windows.common-controls_6595b64144ccf1df_6.0.22621.608_none_a9444ca7c10bb01d;C:\Program Files\Java\jdk-11.0.17\bin\server;C:\Users\kjh14\.gradle\native\e1d6ef7f7dcc3fd88c89a11ec53ec762bb8ba0a96d01ffa2cd45eb1d1d8dd5c5\windows-amd64;C:\Users\kjh14\.gradle\native\jansi\1.18\windows64

VM Arguments:
jvm_args: -Xmx64m -Xms64m -Dorg.gradle.appname=gradlew 
java_command: org.gradle.wrapper.GradleWrapperMain clean
java_class_path (initial): C:\Users\kjh14\Onsaemiro\android\\gradle\wrapper\gradle-wrapper.jar
Launcher Type: SUN_STANDARD

[Global flags]
     intx CICompilerCount                          = 4                                         {product} {ergonomic}
     uint ConcGCThreads                            = 3                                         {product} {ergonomic}
     uint G1ConcRefinementThreads                  = 10                                        {product} {ergonomic}
   size_t G1HeapRegionSize                         = 1048576                                   {product} {ergonomic}
    uintx GCDrainStackTargetSize                   = 64                                        {product} {ergonomic}
   size_t InitialHeapSize                          = 67108864                                  {product} {command line}
   size_t MarkStackSize                            = 4194304                                   {product} {ergonomic}
   size_t MaxHeapSize                              = 67108864                                  {product} {command line}
   size_t MaxNewSize                               = 39845888                                  {product} {ergonomic}
   size_t MinHeapDeltaBytes                        = 1048576                                   {product} {ergonomic}
    uintx NonNMethodCodeHeapSize                   = 5836300                                {pd product} {ergonomic}
    uintx NonProfiledCodeHeapSize                  = 122910970                              {pd product} {ergonomic}
    uintx ProfiledCodeHeapSize                     = 122910970                              {pd product} {ergonomic}
    uintx ReservedCodeCacheSize                    = 251658240                              {pd product} {ergonomic}
     bool SegmentedCodeCache                       = true                                      {product} {ergonomic}
     bool UseCompressedClassPointers               = true                                 {lp64_product} {ergonomic}
     bool UseCompressedOops                        = true                                 {lp64_product} {ergonomic}
     bool UseG1GC                                  = true                                      {product} {ergonomic}
     bool UseLargePagesIndividualAllocation        = false                                  {pd product} {ergonomic}

Logging:
Log output configuration:
 #0: stdout all=warning uptime,level,tags
 #1: stderr all=off uptime,level,tags

Environment Variables:
JAVA_HOME=C:\Program Files\Java\jdk-11.0.17\
CLASSPATH=C:\Users\kjh14\Onsaemiro\android\\gradle\wrapper\gradle-wrapper.jar
PATH=C:\Program Files\Common Files\Oracle\Java\javapath;C:\Python27\;C:\Python27\Scripts;C:\Windows\system32;C:\Windows;C:\Windows\System32\Wbem;C:\Windows\System32\WindowsPowerShell\v1.0\;C:\Windows\System32\OpenSSH\;C:\Program Files\MATLAB\R2022b\bin;C:\Program Files (x86)\PuTTY\;C:\Program Files\nodejs\;C:\ProgramData\chocolatey\bin;C:\Program Files\Java\jdk-11.0.17\\bin;C:\Users\kjh14\AppData\Local\Android\Sdk\platform-tools;;C:\Program Files (x86)\NVIDIA Corporation\PhysX\Common;C:\Users\kjh14\AppData\Local\Microsoft\WindowsApps;C:\Users\kjh14\AppData\Local\Programs\Microsoft VS Code\bin;C:\Program Files\JetBrains\PyCharm Community Edition 2022.3\bin;C:\Users\kjh14\AppData\Roaming\npm
USERNAME=kjh14
OS=Windows_NT
PROCESSOR_IDENTIFIER=AMD64 Family 23 Model 113 Stepping 0, AuthenticAMD



---------------  S Y S T E M  ---------------

OS: Windows 11 , 64 bit Build 22621 (10.0.22621.1105)

CPU:total 12 (initial active 12) (12 cores per cpu, 2 threads per core) family 23 model 113 stepping 0 microcode 0x0, cmov, cx8, fxsr, mmx, sse, sse2, sse3, ssse3, sse4.1, sse4.2, popcnt, avx, avx2, aes, clmul, mmxext, 3dnowpref, lzcnt, sse4a, ht, tsc, tscinvbit, tscinv, bmi1, bmi2, adx,

Memory: 4k page, system-wide physical 32695M (22886M free)
TotalPageFile size 35255M (AvailPageFile size 21854M)
current process WorkingSet (physical memory assigned to process): 97M, peak: 97M
current process commit charge ("private bytes"): 169M, peak: 169M

vm_info: Java HotSpot(TM) 64-Bit Server VM (11.0.17+10-LTS-269) for windows-amd64 JRE (11.0.17+10-LTS-269), built on Sep 13 2022 19:26:37 by "mach5one" with MS VC++ 15.9 (VS2017)

END.
